<?xml version="1.0" encoding="UTF-8"?>
<!-- Generated by org.testng.reporters.JUnitXMLReporter -->
<testsuite ignored="0" hostname="ELW10087" failures="0" tests="4" name="Test" time="31.672" errors="0" timestamp="04 Oct 2022 17:29:27 GMT">
  <testcase classname="testngframework.ApplyLeave" name="hrmleave" time="10.976"/>
  <testcase classname="testngframework.HRMLogin" name="login" time="4.888"/>
  <testcase classname="testngframework.HRMLogin" name="logout" time="3.457"/>
  <testcase classname="testngframework.MethodOverloadingSearch" name="loginsearch" time="12.333"/>
</testsuite> <!-- Test -->
