<?xml version="1.0" encoding="UTF-8"?>
<testng-results ignored="0" total="1" passed="1" failed="0" skipped="0">
  <reporter-output>
  </reporter-output>
  <suite started-at="2022-10-10T04:35:07Z" name="Default suite" finished-at="2022-10-10T04:35:20Z" duration-ms="13572">
    <groups>
    </groups>
    <test started-at="2022-10-10T04:35:07Z" name="Default test" finished-at="2022-10-10T04:35:20Z" duration-ms="13572">
      <class name="testngframework.ApplyLeave">
        <test-method signature="hrmleave()[pri:0, instance:testngframework.ApplyLeave@4e423aa2]" started-at="2022-10-10T04:35:07Z" name="hrmleave" finished-at="2022-10-10T04:35:20Z" duration-ms="13558" status="PASS">
          <reporter-output>
          </reporter-output>
        </test-method> <!-- hrmleave -->
      </class> <!-- testngframework.ApplyLeave -->
    </test> <!-- Default test -->
  </suite> <!-- Default suite -->
</testng-results>
