<?xml version="1.0" encoding="UTF-8"?>
<testng-results ignored="0" total="1" passed="1" failed="0" skipped="0">
  <reporter-output>
  </reporter-output>
  <suite started-at="2022-10-06T17:09:05Z" name="Default suite" finished-at="2022-10-06T17:09:19Z" duration-ms="14485">
    <groups>
    </groups>
    <test started-at="2022-10-06T17:09:05Z" name="Default test" finished-at="2022-10-06T17:09:19Z" duration-ms="14485">
      <class name="testngframework.MethodOverloadingSearch">
        <test-method signature="loginsearch()[pri:0, instance:testngframework.MethodOverloadingSearch@4e423aa2]" started-at="2022-10-06T17:09:05Z" name="loginsearch" finished-at="2022-10-06T17:09:19Z" duration-ms="14466" status="PASS">
          <reporter-output>
          </reporter-output>
        </test-method> <!-- loginsearch -->
      </class> <!-- testngframework.MethodOverloadingSearch -->
    </test> <!-- Default test -->
  </suite> <!-- Default suite -->
</testng-results>
